{"logTime": "0713/105442", "correlationVector":"DLRDWXVGA0Lfb//PTQFxxl.1","action":"SyncServerConnectionManagerRequest", "result":"SYNC_SERVER_OK", "context":{"environment":"Prod_southindia_prod-s01-004-apac-southindia", "migrationStage":"NotStarted", "server":"akswtt01400006y"}}
{"logTime": "0713/105442", "correlationVector":"DLRDWXVGA0Lfb//PTQFxxl.2","action":"ProcessGetUpdates", "result":"Done", "context":{"dataType":"Encryption Keys", "deleted":"0", "process_failed_to_decrypt":"0", "process_pending_decryption":"0", "process_success":"1", "total":"1"}}
{"logTime": "0713/105443", "correlationVector":"HaaeA4yxEyXIX+dfnhglza","action":"SyncServerConnectionManagerRequest", "result":"SYNC_SERVER_OK", "context":{"environment":"", "migrationStage":"", "server":""}}
{"logTime": "0713/105443", "correlationVector":"HaaeA4yxEyXIX+dfnhglza.0","action":"EncryptionKeysFetcher.DownloadKeys:", "result":"Success", "context":Key count: 4, Last key timestamp: 2025-04-23T16:49:30Z}
{"logTime": "0713/105443", "correlationVector":"HaaeA4yxEyXIX+dfnhglza.1","action":"EncryptionKeysManager::SetEncryptionKeys:", "result":"Success", "context":Key names[4]:[bpsTauh6BndSLnhDfgmcEne/dstO9/rCZ+weUUhPZeJha0X1BZLhjLu8eS1AY9KL27ex402SgXrgcO8DuxfctA==][FyHsQOvhzrbkbugLm3IPqRsSVvcIIs3446FQYxs1ofnJFXtVCSGU2zvpRHfO4+oxNBjDh5yuNrpw77zWVKYLGQ==][wZcC0aAyd7t9b9a56Jh1jHSnFDoigrFFQkGxeyguzLt33/rZTIxTxZ/iPqmBOtTwhu5FXt2wBp4is1zl2N5rjg==][7+c3wotIaPCFGXkkydW8OwDsxdTnTLg/R65cul90Zp+Ac5Ar7wfjxhKj22mIppHPSWgY2envbSROGNEUkR/QEQ==]}
{"logTime": "0713/105443", "correlationVector":"HaaeA4yxEyXIX+dfnhglza.2","action":"EncryptionKeysManager::SetEncryptionKeysWithTimestamps:", "result":"Success", "context":Key timestamps[4]:[2023-09-15T18:56:46Z][2024-04-06T17:54:29Z][2024-10-17T15:25:27Z][2025-04-23T16:49:30Z]}
{"logTime": "0713/105443", "correlationVector":"DLRDWXVGA0Lfb//PTQFxxl","action":"Initial GetUpdates", "result":"", "context":Reason: NEW_CLIENT. cV=DLRDWXVGA0Lfb//PTQFxxl}
{"logTime": "0713/105443", "correlationVector":"DLRDWXVGA0Lfb//PTQFxxl.3","action":"GetUpdates Response", "result":"Success", "context":Received 1 update(s). cV=DLRDWXVGA0Lfb//PTQFxxl.0;server=akswtt01400006y;cloudType=Consumer;environment=Prod_southindia_prod-s01-004-apac-southindia;migrationStage=NotStarted}
{"logTime": "0713/105443", "correlationVector":"vHdEhFdVAR8W/gHO+11KND","action":"Initial GetUpdates", "result":"", "context":Reason: NEWLY_SUPPORTED_DATATYPE. cV=vHdEhFdVAR8W/gHO+11KND}
{"logTime": "0713/105443", "correlationVector":"vHdEhFdVAR8W/gHO+11KND.1","action":"SyncServerConnectionManagerRequest", "result":"SYNC_SERVER_OK", "context":{"environment":"Prod_southindia_prod-s01-004-apac-southindia", "migrationStage":"NotStarted", "server":"akswtt014000031"}}
{"logTime": "0713/105443", "correlationVector":"vHdEhFdVAR8W/gHO+11KND.2","action":"ProcessGetUpdates", "result":"Done", "context":{"dataType":"Preferences", "deleted":"1", "process_failed_to_decrypt":"0", "process_pending_decryption":"0", "process_success":"64", "total":"64"}}
{"logTime": "0713/105443", "correlationVector":"vHdEhFdVAR8W/gHO+11KND.3","action":"ProcessGetUpdates", "result":"Done", "context":{"dataType":"Passwords", "deleted":"0", "process_failed_to_decrypt":"0", "process_pending_decryption":"0", "process_success":"79", "total":"79"}}
{"logTime": "0713/105443", "correlationVector":"vHdEhFdVAR8W/gHO+11KND.4","action":"ProcessGetUpdates", "result":"Done", "context":{"dataType":"Device Info", "deleted":"0", "process_failed_to_decrypt":"0", "process_pending_decryption":"0", "process_success":"2", "total":"2"}}
{"logTime": "0713/105443", "correlationVector":"vHdEhFdVAR8W/gHO+11KND.5","action":"GetUpdates Response", "result":"Success", "context":Received 145 update(s). cV=vHdEhFdVAR8W/gHO+11KND.0;server=akswtt014000031;cloudType=Consumer;environment=Prod_southindia_prod-s01-004-apac-southindia;migrationStage=NotStarted}
{"logTime": "0713/105443", "correlationVector":"LHQqxCp2qpgEmn5NR02iV+","action":"Initial GetUpdates", "result":"", "context":Reason: NEWLY_SUPPORTED_DATATYPE. cV=LHQqxCp2qpgEmn5NR02iV+}
{"logTime": "0713/105443", "correlationVector":"LHQqxCp2qpgEmn5NR02iV+.1","action":"SyncServerConnectionManagerRequest", "result":"SYNC_SERVER_OK", "context":{"environment":"Prod_southindia_prod-s01-004-apac-southindia", "migrationStage":"NotStarted", "server":"akswtt01400004a"}}
{"logTime": "0713/105443", "correlationVector":"LHQqxCp2qpgEmn5NR02iV+.2","action":"ProcessGetUpdates", "result":"Done", "context":{"dataType":"Bookmarks", "deleted":"0", "process_failed_to_decrypt":"0", "process_pending_decryption":"0", "process_success":"9", "total":"9"}}
{"logTime": "0713/105443", "correlationVector":"LHQqxCp2qpgEmn5NR02iV+.3","action":"GetUpdates Response", "result":"Success", "context":Received 9 update(s). cV=LHQqxCp2qpgEmn5NR02iV+.0;server=akswtt01400004a;cloudType=Consumer;environment=Prod_southindia_prod-s01-004-apac-southindia;migrationStage=NotStarted}
{"logTime": "0713/105443", "correlationVector":"Mu+NrlpTVNmD/06H/X+hOS","action":"Initial GetUpdates", "result":"", "context":Reason: NEWLY_SUPPORTED_DATATYPE. cV=Mu+NrlpTVNmD/06H/X+hOS}
{"logTime": "0713/105444", "correlationVector":"Mu+NrlpTVNmD/06H/X+hOS.1","action":"SyncServerConnectionManagerRequest", "result":"SYNC_SERVER_OK", "context":{"environment":"Prod_southindia_prod-s01-004-apac-southindia", "migrationStage":"NotStarted", "server":"akswtt014000072"}}
{"logTime": "0713/105444", "correlationVector":"Mu+NrlpTVNmD/06H/X+hOS.2","action":"ProcessGetUpdates", "result":"Done", "context":{"dataType":"Autofill Profiles", "deleted":"5", "process_failed_to_decrypt":"0", "process_pending_decryption":"0", "process_success":"8", "total":"8"}}
{"logTime": "0713/105444", "correlationVector":"Mu+NrlpTVNmD/06H/X+hOS.3","action":"ProcessGetUpdates", "result":"Done", "context":{"dataType":"Autofill", "deleted":"0", "process_failed_to_decrypt":"0", "process_pending_decryption":"0", "process_success":"113", "total":"113"}}
{"logTime": "0713/105444", "correlationVector":"Mu+NrlpTVNmD/06H/X+hOS.4","action":"ProcessGetUpdates", "result":"Done", "context":{"dataType":"Sessions", "deleted":"35", "process_failed_to_decrypt":"0", "process_pending_decryption":"0", "process_success":"38", "total":"38"}}
{"logTime": "0713/105444", "correlationVector":"Mu+NrlpTVNmD/06H/X+hOS.5","action":"ProcessGetUpdates", "result":"Done", "context":{"dataType":"Edge Hub App Usage", "deleted":"2", "process_failed_to_decrypt":"0", "process_pending_decryption":"0", "process_success":"5", "total":"5"}}
{"logTime": "0713/105444", "correlationVector":"Mu+NrlpTVNmD/06H/X+hOS.6","action":"GetUpdates Response", "result":"Success", "context":Received 164 update(s). cV=Mu+NrlpTVNmD/06H/X+hOS.0;server=akswtt014000072;cloudType=Consumer;environment=Prod_southindia_prod-s01-004-apac-southindia;migrationStage=NotStarted}
{"logTime": "0713/105444", "correlationVector":"WkUBnaTg73OBQDH8jgyXcN","action":"Initial GetUpdates", "result":"", "context":Reason: NEWLY_SUPPORTED_DATATYPE. cV=WkUBnaTg73OBQDH8jgyXcN}
{"logTime": "0713/105444", "correlationVector":"WkUBnaTg73OBQDH8jgyXcN.1","action":"SyncServerConnectionManagerRequest", "result":"SYNC_SERVER_OK", "context":{"environment":"Prod_southindia_prod-s01-004-apac-southindia", "migrationStage":"NotStarted", "server":"akswtt01400000k"}}
{"logTime": "0713/105444", "correlationVector":"WkUBnaTg73OBQDH8jgyXcN.2","action":"GetUpdates Response", "result":"Success", "context":Received 0 update(s). cV=WkUBnaTg73OBQDH8jgyXcN.0;server=akswtt01400000k;cloudType=Consumer;environment=Prod_southindia_prod-s01-004-apac-southindia;migrationStage=NotStarted}
{"logTime": "0713/105445", "correlationVector":"WR8NmYCoHpVDOjrGK1Sjc8","action":"Normal GetUpdate request", "result":"", "context":cV=WR8NmYCoHpVDOjrGK1Sjc8
Nudged types: Bookmarks, Sessions, Device Info, User Consents
Refresh requested types: Bookmarks, Preferences, Passwords, Autofill Profiles, Autofill, Extensions, Sessions, Extension settings, History Delete Directives, Device Info, User Consents, Send Tab To Self, Web Apps, History, Saved Tab Group, WebAuthn Credentials, Collection, Edge E Drop, Edge Hub App Usage, Edge Wallet, Encryption Keys}
{"logTime": "0713/105445", "correlationVector":"WR8NmYCoHpVDOjrGK1Sjc8.1","action":"SyncServerConnectionManagerRequest", "result":"SYNC_SERVER_OK", "context":{"environment":"Prod_southindia_prod-s01-004-apac-southindia", "migrationStage":"NotStarted", "server":"akswtt01400003v"}}
{"logTime": "0713/105445", "correlationVector":"WR8NmYCoHpVDOjrGK1Sjc8.2","action":"GetUpdates Response", "result":"Success", "context":Received 0 update(s). cV=WR8NmYCoHpVDOjrGK1Sjc8.0;server=akswtt01400003v;cloudType=Consumer;environment=Prod_southindia_prod-s01-004-apac-southindia;migrationStage=NotStarted}
{"logTime": "0713/105445", "correlationVector":"xN4m62vbc/dww704/JGuzO","action":"Commit Request", "result":"", "context":Item count: 8
Contributing types: Bookmarks, Sessions, Device Info, User Consents}
{"logTime": "0713/105446", "correlationVector":"xN4m62vbc/dww704/JGuzO.1","action":"SyncServerConnectionManagerRequest", "result":"SYNC_SERVER_OK", "context":{"environment":"Prod_southindia_prod-s01-004-apac-southindia", "migrationStage":"NotStarted", "server":"akswtt01400000s"}}
{"logTime": "0713/105446", "correlationVector":"xN4m62vbc/dww704/JGuzO.2","action":"Commit Response", "result":"Success", "context":Result: Success. cV=xN4m62vbc/dww704/JGuzO.0;server=akswtt01400000s;cloudType=Consumer;environment=Prod_southindia_prod-s01-004-apac-southindia;migrationStage=NotStarted}
